2021-10-12 15:27:22,908;Success: Request to create new node, node_id = 0
2021-10-12 15:27:22,941;Success: Request to create new process, node_id = 0, process_id = 0
2021-10-12 15:27:22,964;Success: Request to participate in a process, node_id = 0, process_id = 0
2021-10-12 15:27:22,990;Success: Request to create new node, node_id = 1
2021-10-12 15:27:23,020;Success: Request to participate in a process, node_id = 1, process_id = 0
2021-10-12 15:27:23,047;Success: Request to create new node, node_id = 2
2021-10-12 15:27:23,076;Success: Request to participate in a process, node_id = 2, process_id = 0
2021-10-12 15:27:23,101;Success: Request to create new node, node_id = 3
2021-10-12 15:27:23,130;Success: Request to participate in a process, node_id = 3, process_id = 0
2021-10-12 15:27:23,156;Success: Request to create new node, node_id = 4
2021-10-12 15:27:23,185;Success: Request to participate in a process, node_id = 4, process_id = 0
2021-10-12 15:27:23,211;Success: Request to create new node, node_id = 5
2021-10-12 15:27:23,241;Success: Request to participate in a process, node_id = 5, process_id = 0
2021-10-12 15:27:23,266;Success: Request to create new node, node_id = 6
2021-10-12 15:27:23,295;Success: Request to participate in a process, node_id = 6, process_id = 0
2021-10-12 15:27:23,321;Success: Request to create new node, node_id = 7
2021-10-12 15:27:23,355;Success: Request to participate in a process, node_id = 7, process_id = 0
2021-10-12 15:27:23,381;Success: Request to create new node, node_id = 8
2021-10-12 15:27:23,410;Success: Request to participate in a process, node_id = 8, process_id = 0
2021-10-12 15:27:23,436;Success: Request to create new node, node_id = 9
2021-10-12 15:27:23,466;Success: Request to participate in a process, node_id = 9, process_id = 0
2021-10-12 15:27:25,458;Success: Request to get info about a process, process_id = 0
2021-10-12 15:27:25,462;Node_0 -> Downloaded the configurations for process 0
2021-10-12 15:27:25,466;Node_0 -> Saved block 0 for process 0
2021-10-12 15:27:25,468;Node_0 -> Saved block 1 for process 0
2021-10-12 15:27:25,470;Node_0 -> Saved block 2 for process 0
2021-10-12 15:27:25,471;Node_0 -> Saved block 3 for process 0
2021-10-12 15:27:25,473;Node_0 -> Saved block 4 for process 0
2021-10-12 15:27:25,475;Node_0 -> Saved block 5 for process 0
2021-10-12 15:27:25,476;Node_0 -> Saved block 6 for process 0
2021-10-12 15:27:25,477;Node_0 -> Saved block 7 for process 0
2021-10-12 15:27:25,479;Node_0 -> Saved block 8 for process 0
2021-10-12 15:27:25,481;Node_0 -> Saved block 9 for process 0
2021-10-12 15:27:25,812;Success: Request to get info about a process, process_id = 0
2021-10-12 15:27:25,817;Node_3 -> Downloaded the configurations for process 0
2021-10-12 15:27:25,821;Node_3 -> Saved block 0 for process 0
2021-10-12 15:27:25,823;Node_3 -> Saved block 1 for process 0
2021-10-12 15:27:25,827;Node_3 -> Saved block 2 for process 0
2021-10-12 15:27:25,829;Node_3 -> Saved block 3 for process 0
2021-10-12 15:27:25,831;Node_3 -> Saved block 4 for process 0
2021-10-12 15:27:25,833;Node_3 -> Saved block 5 for process 0
2021-10-12 15:27:25,834;Node_3 -> Saved block 6 for process 0
2021-10-12 15:27:25,836;Node_3 -> Saved block 7 for process 0
2021-10-12 15:27:25,838;Node_3 -> Saved block 8 for process 0
2021-10-12 15:27:25,840;Node_3 -> Saved block 9 for process 0
2021-10-12 15:27:26,665;Success: Request to get info about a process, process_id = 0
2021-10-12 15:27:26,669;Success: Request to get info about a process, process_id = 0
2021-10-12 15:27:26,670;Node_1 -> Downloaded the configurations for process 0
2021-10-12 15:27:26,674;Node_4 -> Downloaded the configurations for process 0
2021-10-12 15:27:26,674;Node_1 -> Saved block 0 for process 0
2021-10-12 15:27:26,676;Node_1 -> Saved block 1 for process 0
2021-10-12 15:27:26,678;Node_1 -> Saved block 2 for process 0
2021-10-12 15:27:26,681;Node_1 -> Saved block 3 for process 0
2021-10-12 15:27:26,681;Node_4 -> Saved block 0 for process 0
2021-10-12 15:27:26,683;Node_4 -> Saved block 1 for process 0
2021-10-12 15:27:26,685;Node_1 -> Saved block 5 for process 0
2021-10-12 15:27:26,685;Node_4 -> Saved block 2 for process 0
2021-10-12 15:27:26,686;Node_1 -> Saved block 6 for process 0
2021-10-12 15:27:26,687;Node_4 -> Saved block 3 for process 0
2021-10-12 15:27:26,688;Node_1 -> Saved block 7 for process 0
2021-10-12 15:27:26,689;Node_4 -> Saved block 4 for process 0
2021-10-12 15:27:26,690;Node_1 -> Saved block 8 for process 0
2021-10-12 15:27:26,691;Node_4 -> Saved block 5 for process 0
2021-10-12 15:27:26,692;Node_1 -> Saved block 9 for process 0
2021-10-12 15:27:26,692;Node_4 -> Saved block 6 for process 0
2021-10-12 15:27:26,694;Node_4 -> Saved block 7 for process 0
2021-10-12 15:27:26,696;Node_4 -> Saved block 8 for process 0
2021-10-12 15:27:26,697;Node_4 -> Saved block 9 for process 0
2021-10-12 15:27:26,851;Success: Request to get info about a process, process_id = 0
2021-10-12 15:27:26,856;Node_5 -> Downloaded the configurations for process 0
2021-10-12 15:27:26,860;Node_5 -> Saved block 0 for process 0
2021-10-12 15:27:26,862;Node_5 -> Saved block 1 for process 0
2021-10-12 15:27:26,864;Node_5 -> Saved block 2 for process 0
2021-10-12 15:27:26,866;Node_5 -> Saved block 3 for process 0
2021-10-12 15:27:26,868;Node_5 -> Saved block 4 for process 0
2021-10-12 15:27:26,869;Node_5 -> Saved block 5 for process 0
2021-10-12 15:27:26,871;Node_5 -> Saved block 6 for process 0
2021-10-12 15:27:26,873;Node_5 -> Saved block 7 for process 0
2021-10-12 15:27:26,875;Node_5 -> Saved block 8 for process 0
2021-10-12 15:27:26,876;Node_5 -> Saved block 9 for process 0
2021-10-12 15:27:27,020;Success: Request to get info about a process, process_id = 0
2021-10-12 15:27:27,025;Node_9 -> Downloaded the configurations for process 0
2021-10-12 15:27:27,029;Node_9 -> Saved block 0 for process 0
2021-10-12 15:27:27,031;Node_9 -> Saved block 1 for process 0
2021-10-12 15:27:27,034;Node_9 -> Saved block 2 for process 0
2021-10-12 15:27:27,035;Node_9 -> Saved block 3 for process 0
2021-10-12 15:27:27,037;Node_9 -> Saved block 4 for process 0
2021-10-12 15:27:27,038;Node_9 -> Saved block 5 for process 0
2021-10-12 15:27:27,040;Node_9 -> Saved block 6 for process 0
2021-10-12 15:27:27,042;Node_9 -> Saved block 7 for process 0
2021-10-12 15:27:27,044;Node_9 -> Saved block 8 for process 0
2021-10-12 15:27:27,045;Success: Request to get info about a process, process_id = 0
2021-10-12 15:27:27,045;Node_9 -> Saved block 9 for process 0
2021-10-12 15:27:27,049;Node_6 -> Downloaded the configurations for process 0
2021-10-12 15:27:27,053;Node_6 -> Saved block 0 for process 0
2021-10-12 15:27:27,055;Node_6 -> Saved block 1 for process 0
2021-10-12 15:27:27,057;Node_6 -> Saved block 2 for process 0
2021-10-12 15:27:27,058;Node_6 -> Saved block 3 for process 0
2021-10-12 15:27:27,060;Node_6 -> Saved block 4 for process 0
2021-10-12 15:27:27,062;Node_6 -> Saved block 5 for process 0
2021-10-12 15:27:27,063;Node_6 -> Saved block 6 for process 0
2021-10-12 15:27:27,065;Node_6 -> Saved block 7 for process 0
2021-10-12 15:27:27,067;Node_6 -> Saved block 8 for process 0
2021-10-12 15:27:27,069;Node_6 -> Saved block 9 for process 0
2021-10-12 15:27:27,194;Success: Request to get info about a process, process_id = 0
2021-10-12 15:27:27,199;Node_2 -> Downloaded the configurations for process 0
2021-10-12 15:27:27,203;Node_2 -> Saved block 0 for process 0
2021-10-12 15:27:27,205;Node_2 -> Saved block 1 for process 0
2021-10-12 15:27:27,207;Node_2 -> Saved block 2 for process 0
2021-10-12 15:27:27,208;Node_2 -> Saved block 3 for process 0
2021-10-12 15:27:27,210;Node_2 -> Saved block 4 for process 0
2021-10-12 15:27:27,212;Node_2 -> Saved block 5 for process 0
2021-10-12 15:27:27,214;Node_2 -> Saved block 6 for process 0
2021-10-12 15:27:27,215;Node_2 -> Saved block 7 for process 0
2021-10-12 15:27:27,216;Node_2 -> Saved block 8 for process 0
2021-10-12 15:27:27,218;Node_2 -> Saved block 9 for process 0
2021-10-12 15:27:27,232;Success: Request to get info about a process, process_id = 0
2021-10-12 15:27:27,236;Node_7 -> Downloaded the configurations for process 0
2021-10-12 15:27:27,242;Node_7 -> Saved block 0 for process 0
2021-10-12 15:27:27,244;Node_7 -> Saved block 1 for process 0
2021-10-12 15:27:27,246;Node_7 -> Saved block 2 for process 0
2021-10-12 15:27:27,247;Success: Request to get info about a process, process_id = 0
2021-10-12 15:27:27,247;Node_7 -> Saved block 3 for process 0
2021-10-12 15:27:27,249;Node_7 -> Saved block 4 for process 0
2021-10-12 15:27:27,251;Node_7 -> Saved block 5 for process 0
2021-10-12 15:27:27,252;Node_8 -> Downloaded the configurations for process 0
2021-10-12 15:27:27,253;Node_7 -> Saved block 6 for process 0
2021-10-12 15:27:27,255;Node_7 -> Saved block 7 for process 0
2021-10-12 15:27:27,256;Node_8 -> Saved block 0 for process 0
2021-10-12 15:27:27,256;Node_7 -> Saved block 8 for process 0
2021-10-12 15:27:27,258;Node_8 -> Saved block 1 for process 0
2021-10-12 15:27:27,261;Node_8 -> Saved block 2 for process 0
2021-10-12 15:27:27,263;Node_8 -> Saved block 3 for process 0
2021-10-12 15:27:27,265;Node_8 -> Saved block 4 for process 0
2021-10-12 15:27:27,266;Node_8 -> Saved block 5 for process 0
2021-10-12 15:27:27,268;Node_8 -> Saved block 6 for process 0
2021-10-12 15:27:27,271;Node_8 -> Saved block 7 for process 0
2021-10-12 15:27:27,272;Node_8 -> Saved block 8 for process 0
2021-10-12 15:27:27,274;Node_8 -> Saved block 9 for process 0
2021-10-12 15:27:35,594;Node_0 -> Downloaded block 0 from 1
2021-10-12 15:27:35,653;Node_0 -> Downloaded block 0 from 2
2021-10-12 15:27:35,710;Node_0 -> Downloaded block 0 from 3
2021-10-12 15:27:35,770;Node_0 -> Downloaded block 0 from 4
2021-10-12 15:27:35,834;Node_0 -> Downloaded block 0 from 5
2021-10-12 15:27:35,896;Node_0 -> Downloaded block 0 from 6
2021-10-12 15:27:35,939;Node_3 -> Downloaded block 2 from 0
2021-10-12 15:27:35,959;Node_0 -> Downloaded block 0 from 7
2021-10-12 15:27:36,002;Node_3 -> Downloaded block 2 from 1
2021-10-12 15:27:36,025;Node_0 -> Downloaded block 0 from 8
2021-10-12 15:27:36,064;Node_3 -> Downloaded block 2 from 2
2021-10-12 15:27:36,088;Node_0 -> Downloaded block 0 from 9
2021-10-12 15:27:36,118;Node_3 -> Downloaded block 2 from 4
2021-10-12 15:27:36,140;Node_0 -> Downloaded block 9 from 1
2021-10-12 15:27:36,172;Node_3 -> Downloaded block 2 from 5
2021-10-12 15:27:36,193;Node_0 -> Downloaded block 9 from 2
2021-10-12 15:27:36,227;Node_3 -> Downloaded block 2 from 6
2021-10-12 15:27:36,246;Node_0 -> Downloaded block 9 from 3
2021-10-12 15:27:36,281;Node_3 -> Downloaded block 2 from 7
2021-10-12 15:27:36,301;Node_0 -> Downloaded block 9 from 4
2021-10-12 15:27:36,337;Node_3 -> Downloaded block 2 from 8
2021-10-12 15:27:36,360;Node_0 -> Downloaded block 9 from 5
2021-10-12 15:27:36,390;Node_3 -> Downloaded block 2 from 9
2021-10-12 15:27:36,413;Node_0 -> Downloaded block 9 from 6
2021-10-12 15:27:36,442;Node_3 -> Downloaded block 3 from 0
2021-10-12 15:27:36,467;Node_0 -> Downloaded block 9 from 7
2021-10-12 15:27:36,496;Node_3 -> Downloaded block 3 from 1
2021-10-12 15:27:36,520;Node_0 -> Downloaded block 9 from 8
2021-10-12 15:27:36,552;Node_3 -> Downloaded block 3 from 2
2021-10-12 15:27:36,576;Node_0 -> Downloaded block 9 from 9
2021-10-12 15:27:36,604;Node_3 -> Downloaded block 3 from 4
2021-10-12 15:27:36,665;Node_3 -> Downloaded block 3 from 5
2021-10-12 15:27:36,716;Node_3 -> Downloaded block 3 from 6
2021-10-12 15:27:36,758;Node_4 -> Downloaded block 3 from 0
2021-10-12 15:27:36,775;Node_3 -> Downloaded block 3 from 7
2021-10-12 15:27:36,780;Node_1 -> Downloaded block 0 from 0
2021-10-12 15:27:36,783;Node_4 -> Downloaded block 3 from 1
2021-10-12 15:27:36,814;Node_1 -> Downloaded block 0 from 2
2021-10-12 15:27:36,814;Node_4 -> Downloaded block 3 from 2
2021-10-12 15:27:36,832;Node_3 -> Downloaded block 3 from 8
2021-10-12 15:27:36,841;Node_1 -> Downloaded block 0 from 3
2021-10-12 15:27:36,864;Node_1 -> Downloaded block 0 from 4
2021-10-12 15:27:36,883;Node_4 -> Downloaded block 3 from 3
2021-10-12 15:27:36,885;Node_3 -> Downloaded block 3 from 9
2021-10-12 15:27:36,887;Node_1 -> Downloaded block 0 from 5
2021-10-12 15:27:36,906;Node_4 -> Downloaded block 3 from 5
2021-10-12 15:27:36,912;Node_1 -> Downloaded block 0 from 6
2021-10-12 15:27:36,931;Node_4 -> Downloaded block 3 from 6
2021-10-12 15:27:36,936;Node_1 -> Downloaded block 0 from 7
2021-10-12 15:27:36,956;Node_4 -> Downloaded block 3 from 7
2021-10-12 15:27:36,964;Node_1 -> Downloaded block 0 from 8
2021-10-12 15:27:36,966;Node_5 -> Downloaded block 4 from 0
2021-10-12 15:27:36,984;Node_4 -> Downloaded block 3 from 8
2021-10-12 15:27:36,992;Node_1 -> Downloaded block 0 from 9
2021-10-12 15:27:37,010;Node_4 -> Downloaded block 3 from 9
2021-10-12 15:27:37,031;Node_5 -> Downloaded block 4 from 1
2021-10-12 15:27:37,036;Node_4 -> Downloaded block 4 from 0
2021-10-12 15:27:37,052;Node_1 -> Downloaded block 1 from 0
2021-10-12 15:27:37,060;Node_4 -> Downloaded block 4 from 1
2021-10-12 15:27:37,093;Node_5 -> Downloaded block 4 from 2
2021-10-12 15:27:37,096;Node_4 -> Downloaded block 4 from 2
2021-10-12 15:27:37,116;Node_1 -> Downloaded block 1 from 2
2021-10-12 15:27:37,157;Node_9 -> Downloaded block 8 from 0
2021-10-12 15:27:37,157;Node_5 -> Downloaded block 4 from 3
2021-10-12 15:27:37,159;Node_4 -> Downloaded block 4 from 3
2021-10-12 15:27:37,173;Node_1 -> Downloaded block 1 from 3
2021-10-12 15:27:37,192;Node_9 -> Downloaded block 8 from 1
2021-10-12 15:27:37,194;Node_6 -> Downloaded block 5 from 0
2021-10-12 15:27:37,196;Node_5 -> Downloaded block 4 from 4
2021-10-12 15:27:37,201;Node_1 -> Downloaded block 1 from 4
2021-10-12 15:27:37,213;Node_9 -> Downloaded block 8 from 2
2021-10-12 15:27:37,216;Node_6 -> Downloaded block 5 from 1
2021-10-12 15:27:37,219;Node_4 -> Downloaded block 4 from 6
2021-10-12 15:27:37,220;Node_5 -> Downloaded block 4 from 6
2021-10-12 15:27:37,224;Node_1 -> Downloaded block 1 from 5
2021-10-12 15:27:37,237;Node_9 -> Downloaded block 8 from 3
2021-10-12 15:27:37,240;Node_6 -> Downloaded block 5 from 2
2021-10-12 15:27:37,246;Node_4 -> Downloaded block 4 from 7
2021-10-12 15:27:37,246;Node_5 -> Downloaded block 4 from 7
2021-10-12 15:27:37,247;Node_1 -> Downloaded block 1 from 6
2021-10-12 15:27:37,251;Node_2 -> Downloaded block 1 from 0
2021-10-12 15:27:37,261;Node_9 -> Downloaded block 8 from 4
2021-10-12 15:27:37,264;Node_6 -> Downloaded block 5 from 3
2021-10-12 15:27:37,273;Node_1 -> Downloaded block 1 from 7
2021-10-12 15:27:37,273;Node_4 -> Downloaded block 4 from 8
2021-10-12 15:27:37,273;Node_5 -> Downloaded block 4 from 8
2021-10-12 15:27:37,278;Node_2 -> Downloaded block 1 from 1
2021-10-12 15:27:37,287;Node_6 -> Downloaded block 5 from 4
2021-10-12 15:27:37,288;Node_2 -> Downloaded block 1 from 3
2021-10-12 15:27:37,297;Node_1 -> Downloaded block 1 from 8
2021-10-12 15:27:37,298;Node_2 -> Downloaded block 1 from 4
2021-10-12 15:27:37,300;Node_5 -> Downloaded block 4 from 9
2021-10-12 15:27:37,302;Node_9 -> Downloaded block 8 from 5
2021-10-12 15:27:37,302;Node_4 -> Downloaded block 4 from 9
2021-10-12 15:27:37,310;Node_2 -> Downloaded block 1 from 5
2021-10-12 15:27:37,316;Node_7 -> Downloaded block 6 from 0
2021-10-12 15:27:37,316;Node_5 -> Downloaded block 5 from 0
2021-10-12 15:27:37,317;Node_6 -> Downloaded block 5 from 5
2021-10-12 15:27:37,324;Node_2 -> Downloaded block 1 from 6
2021-10-12 15:27:37,327;Node_1 -> Downloaded block 1 from 9
2021-10-12 15:27:37,331;Node_5 -> Downloaded block 5 from 1
2021-10-12 15:27:37,332;Node_9 -> Downloaded block 8 from 6
2021-10-12 15:27:37,333;Node_8 -> Downloaded block 7 from 0
2021-10-12 15:27:37,337;Node_2 -> Downloaded block 1 from 7
2021-10-12 15:27:37,344;Node_5 -> Downloaded block 5 from 2
2021-10-12 15:27:37,350;Node_7 -> Downloaded block 6 from 1
2021-10-12 15:27:37,351;Node_6 -> Downloaded block 5 from 7
2021-10-12 15:27:37,352;Node_2 -> Downloaded block 1 from 8
2021-10-12 15:27:37,358;Node_5 -> Downloaded block 5 from 3
2021-10-12 15:27:37,363;Node_8 -> Downloaded block 7 from 1
2021-10-12 15:27:37,363;Node_9 -> Downloaded block 8 from 7
2021-10-12 15:27:37,365;Node_2 -> Downloaded block 1 from 9
2021-10-12 15:27:37,371;Node_5 -> Downloaded block 5 from 4
2021-10-12 15:27:37,376;Node_2 -> Downloaded block 2 from 0
2021-10-12 15:27:37,383;Node_6 -> Downloaded block 5 from 8
2021-10-12 15:27:37,384;Node_7 -> Downloaded block 6 from 2
2021-10-12 15:27:37,390;Node_2 -> Downloaded block 2 from 1
2021-10-12 15:27:37,396;Node_8 -> Downloaded block 7 from 2
2021-10-12 15:27:37,397;Node_9 -> Downloaded block 8 from 8
2021-10-12 15:27:37,404;Node_5 -> Downloaded block 5 from 6
2021-10-12 15:27:37,413;Node_6 -> Downloaded block 5 from 9
2021-10-12 15:27:37,418;Node_5 -> Downloaded block 5 from 7
2021-10-12 15:27:37,418;Node_7 -> Downloaded block 6 from 3
2021-10-12 15:27:37,420;Node_2 -> Downloaded block 2 from 3
2021-10-12 15:27:37,425;Node_6 -> Downloaded block 6 from 0
2021-10-12 15:27:37,428;Node_9 -> Downloaded block 9 from 0
2021-10-12 15:27:37,428;Node_8 -> Downloaded block 7 from 3
2021-10-12 15:27:37,431;Node_5 -> Downloaded block 5 from 8
2021-10-12 15:27:37,434;Node_2 -> Downloaded block 2 from 4
2021-10-12 15:27:37,441;Node_6 -> Downloaded block 6 from 1
2021-10-12 15:27:37,443;Node_9 -> Downloaded block 9 from 1
2021-10-12 15:27:37,444;Node_5 -> Downloaded block 5 from 9
2021-10-12 15:27:37,447;Node_2 -> Downloaded block 2 from 5
2021-10-12 15:27:37,452;Node_7 -> Downloaded block 6 from 4
2021-10-12 15:27:37,458;Node_6 -> Downloaded block 6 from 2
2021-10-12 15:27:37,458;Node_9 -> Downloaded block 9 from 2
2021-10-12 15:27:37,460;Node_8 -> Downloaded block 7 from 4
2021-10-12 15:27:37,460;Node_2 -> Downloaded block 2 from 6
2021-10-12 15:27:37,472;Node_6 -> Downloaded block 6 from 3
2021-10-12 15:27:37,473;Node_2 -> Downloaded block 2 from 7
2021-10-12 15:27:37,473;Node_9 -> Downloaded block 9 from 3
2021-10-12 15:27:37,482;Node_7 -> Downloaded block 6 from 5
2021-10-12 15:27:37,486;Node_2 -> Downloaded block 2 from 8
2021-10-12 15:27:37,487;Node_6 -> Downloaded block 6 from 4
2021-10-12 15:27:37,489;Node_9 -> Downloaded block 9 from 4
2021-10-12 15:27:37,491;Node_8 -> Downloaded block 7 from 5
2021-10-12 15:27:37,498;Node_2 -> Downloaded block 2 from 9
2021-10-12 15:27:37,502;Node_6 -> Downloaded block 6 from 5
2021-10-12 15:27:37,503;Node_9 -> Downloaded block 9 from 5
2021-10-12 15:27:37,513;Node_7 -> Downloaded block 6 from 6
2021-10-12 15:27:37,515;Node_9 -> Downloaded block 9 from 6
2021-10-12 15:27:37,520;Node_8 -> Downloaded block 7 from 6
2021-10-12 15:27:37,526;Node_9 -> Downloaded block 9 from 7
2021-10-12 15:27:37,530;Node_6 -> Downloaded block 6 from 7
2021-10-12 15:27:37,538;Node_9 -> Downloaded block 9 from 8
2021-10-12 15:27:37,541;Node_7 -> Downloaded block 6 from 8
2021-10-12 15:27:37,542;Node_6 -> Downloaded block 6 from 8
2021-10-12 15:27:37,546;Node_8 -> Downloaded block 7 from 7
2021-10-12 15:27:37,563;Node_7 -> Downloaded block 6 from 9
2021-10-12 15:27:37,563;Node_6 -> Downloaded block 6 from 9
2021-10-12 15:27:37,567;Node_8 -> Downloaded block 7 from 9
2021-10-12 15:27:37,572;Node_7 -> Downloaded block 7 from 0
2021-10-12 15:27:37,576;Node_8 -> Downloaded block 8 from 0
2021-10-12 15:27:37,581;Node_7 -> Downloaded block 7 from 1
2021-10-12 15:27:37,585;Node_8 -> Downloaded block 8 from 1
2021-10-12 15:27:37,594;Node_7 -> Downloaded block 7 from 2
2021-10-12 15:27:37,595;Node_8 -> Downloaded block 8 from 2
2021-10-12 15:27:37,605;Node_7 -> Downloaded block 7 from 3
2021-10-12 15:27:37,606;Node_8 -> Downloaded block 8 from 3
2021-10-12 15:27:37,615;Node_7 -> Downloaded block 7 from 4
2021-10-12 15:27:37,616;Node_8 -> Downloaded block 8 from 4
2021-10-12 15:27:37,627;Node_7 -> Downloaded block 7 from 5
2021-10-12 15:27:37,628;Node_8 -> Downloaded block 8 from 5
2021-10-12 15:27:37,639;Node_8 -> Downloaded block 8 from 6
2021-10-12 15:27:37,639;Node_7 -> Downloaded block 7 from 6
2021-10-12 15:27:37,647;Node_8 -> Downloaded block 8 from 7
2021-10-12 15:27:37,661;Node_7 -> Downloaded block 7 from 8
2021-10-12 15:27:37,668;Node_8 -> Downloaded block 8 from 9
2021-10-12 15:27:37,671;Node_7 -> Downloaded block 7 from 9
2021-10-12 15:27:37,720;Node_7 -> Aggregated and saved block 6
2021-10-12 15:27:37,739;Node_4 -> Aggregated and saved block 3
2021-10-12 15:27:37,745;Node_0 -> Aggregated and saved block 0
2021-10-12 15:27:37,746;Node_3 -> Aggregated and saved block 2
2021-10-12 15:27:37,746;Node_1 -> Aggregated and saved block 0
2021-10-12 15:27:37,749;Node_9 -> Aggregated and saved block 8
2021-10-12 15:27:37,751;Node_6 -> Aggregated and saved block 5
2021-10-12 15:27:37,755;Node_5 -> Aggregated and saved block 4
2021-10-12 15:27:37,767;Node_4 -> Aggregated and saved block 4
2021-10-12 15:27:37,769;Node_8 -> Aggregated and saved block 7
2021-10-12 15:27:37,772;Node_2 -> Aggregated and saved block 1
2021-10-12 15:27:37,775;Node_7 -> Aggregated and saved block 7
2021-10-12 15:27:37,783;Node_4 -> Aggregated and saved block 3
2021-10-12 15:27:37,785;Node_3 -> Aggregated and saved block 3
2021-10-12 15:27:37,791;Node_6 -> Aggregated and saved block 6
2021-10-12 15:27:37,792;Node_7 -> Aggregated and saved block 6
2021-10-12 15:27:37,792;Node_4 -> Aggregated and saved block 4
2021-10-12 15:27:37,799;Node_1 -> Aggregated and saved block 1
2021-10-12 15:27:37,800;Node_7 -> Aggregated and saved block 7
2021-10-12 15:27:37,802;Node_3 -> Aggregated and saved block 2
2021-10-12 15:27:37,804;Node_9 -> Aggregated and saved block 9
2021-10-12 15:27:37,809;Node_6 -> Aggregated and saved block 5
2021-10-12 15:27:37,811;Node_3 -> Aggregated and saved block 3
2021-10-12 15:27:37,811;Node_4 -> Aggregated and saved block 3
2021-10-12 15:27:37,815;Node_0 -> Aggregated and saved block 9
2021-10-12 15:27:37,818;Node_7 -> Aggregated and saved block 6
2021-10-12 15:27:37,818;Node_6 -> Aggregated and saved block 6
2021-10-12 15:27:37,819;Node_4 -> Aggregated and saved block 4
2021-10-12 15:27:37,819;Node_1 -> Aggregated and saved block 0
2021-10-12 15:27:37,822;Node_9 -> Aggregated and saved block 8
2021-10-12 15:27:37,825;Node_5 -> Aggregated and saved block 5
2021-10-12 15:27:37,826;Node_7 -> Aggregated and saved block 7
2021-10-12 15:27:37,826;Node_1 -> Aggregated and saved block 1
2021-10-12 15:27:37,827;Node_3 -> Aggregated and saved block 2
2021-10-12 15:27:37,828;Node_2 -> Aggregated and saved block 2
2021-10-12 15:27:37,829;Node_9 -> Aggregated and saved block 9
2021-10-12 15:27:37,831;Node_8 -> Aggregated and saved block 8
2021-10-12 15:27:37,833;Node_0 -> Aggregated and saved block 0
2021-10-12 15:27:37,834;Node_3 -> Aggregated and saved block 3
2021-10-12 15:27:37,837;Node_6 -> Aggregated and saved block 5
2021-10-12 15:27:37,837;Node_4 -> Aggregated and saved block 3
2021-10-12 15:27:37,838;Node_0 -> Aggregated and saved block 9
2021-10-12 15:27:37,842;Node_6 -> Aggregated and saved block 6
2021-10-12 15:27:37,843;Node_4 -> Aggregated and saved block 4
2021-10-12 15:27:37,848;Node_1 -> Aggregated and saved block 0
2021-10-12 15:27:37,849;Node_5 -> Aggregated and saved block 4
2021-10-12 15:27:37,854;Node_2 -> Aggregated and saved block 1
2021-10-12 15:27:37,855;Node_1 -> Aggregated and saved block 1
2021-10-12 15:27:37,856;Node_5 -> Aggregated and saved block 5
2021-10-12 15:27:37,861;Node_2 -> Aggregated and saved block 2
2021-10-12 15:27:37,872;Node_7 -> Downloaded block 1000 from 1
2021-10-12 15:27:37,874;Node_6 -> Downloaded block 1000 from 0
2021-10-12 15:27:37,874;Node_9 -> Downloaded block 1000 from 1
2021-10-12 15:27:37,874;Node_8 -> Downloaded block 1000 from 0
2021-10-12 15:27:37,874;Node_3 -> Downloaded block 1000 from 1
2021-10-12 15:27:37,877;Node_4 -> Downloaded block 1000 from 0
2021-10-12 15:27:37,878;Node_5 -> Downloaded block 1000 from 1
2021-10-12 15:27:37,880;Node_0 -> Downloaded block 1001 from 1
2021-10-12 15:27:37,880;Node_2 -> Downloaded block 1000 from 0
2021-10-12 15:27:37,888;Node_6 -> Downloaded block 1001 from 1
2021-10-12 15:27:37,891;Node_8 -> Downloaded block 1001 from 1
2021-10-12 15:27:37,891;Node_4 -> Downloaded block 1001 from 1
2021-10-12 15:27:37,893;Node_1 -> Downloaded block 1002 from 2
2021-10-12 15:27:37,903;Node_7 -> Downloaded block 1001 from 2
2021-10-12 15:27:37,904;Node_9 -> Downloaded block 1001 from 2
2021-10-12 15:27:37,905;Node_3 -> Downloaded block 1001 from 2
2021-10-12 15:27:37,906;Node_6 -> Downloaded block 1002 from 3
2021-10-12 15:27:37,906;Node_5 -> Downloaded block 1001 from 2
2021-10-12 15:27:37,907;Node_4 -> Downloaded block 1002 from 3
2021-10-12 15:27:37,907;Node_8 -> Downloaded block 1002 from 3
2021-10-12 15:27:37,907;Node_2 -> Downloaded block 1003 from 3
2021-10-12 15:27:37,908;Node_0 -> Downloaded block 1002 from 3
2021-10-12 15:27:37,917;Node_1 -> Downloaded block 1003 from 4
2021-10-12 15:27:37,920;Node_7 -> Downloaded block 1002 from 2
2021-10-12 15:27:37,921;Node_9 -> Downloaded block 1002 from 2
2021-10-12 15:27:37,922;Node_5 -> Downloaded block 1002 from 2
2021-10-12 15:27:37,922;Node_6 -> Downloaded block 1003 from 3
2021-10-12 15:27:37,923;Node_8 -> Downloaded block 1003 from 3
2021-10-12 15:27:37,923;Node_0 -> Downloaded block 1003 from 3
2021-10-12 15:27:37,933;Node_4 -> Downloaded block 1005 from 5
2021-10-12 15:27:37,936;Node_1 -> Downloaded block 1004 from 5
2021-10-12 15:27:37,936;Node_3 -> Downloaded block 1004 from 5
2021-10-12 15:27:37,940;Node_2 -> Downloaded block 1004 from 4
2021-10-12 15:27:37,940;Node_7 -> Downloaded block 1003 from 4
2021-10-12 15:27:37,943;Node_9 -> Downloaded block 1003 from 4
2021-10-12 15:27:37,943;Node_5 -> Downloaded block 1003 from 4
2021-10-12 15:27:37,944;Node_6 -> Downloaded block 1004 from 4
2021-10-12 15:27:37,947;Node_0 -> Downloaded block 1004 from 4
2021-10-12 15:27:37,947;Node_8 -> Downloaded block 1004 from 4
2021-10-12 15:27:37,955;Node_4 -> Downloaded block 1006 from 6
2021-10-12 15:27:37,960;Node_7 -> Downloaded block 1004 from 5
2021-10-12 15:27:37,961;Node_2 -> Downloaded block 1005 from 5
2021-10-12 15:27:37,962;Node_9 -> Downloaded block 1004 from 5
2021-10-12 15:27:37,963;Node_1 -> Downloaded block 1005 from 6
2021-10-12 15:27:37,963;Node_3 -> Downloaded block 1005 from 6
2021-10-12 15:27:37,964;Node_8 -> Downloaded block 1005 from 5
2021-10-12 15:27:37,965;Node_0 -> Downloaded block 1005 from 5
2021-10-12 15:27:37,970;Node_5 -> Downloaded block 1006 from 7
2021-10-12 15:27:37,970;Node_6 -> Downloaded block 1007 from 8
2021-10-12 15:27:37,970;Node_4 -> Downloaded block 1007 from 8
2021-10-12 15:27:37,976;Node_3 -> Downloaded block 1006 from 7
2021-10-12 15:27:37,976;Node_1 -> Downloaded block 1006 from 7
2021-10-12 15:27:37,980;Node_7 -> Downloaded block 1005 from 6
2021-10-12 15:27:37,981;Node_2 -> Downloaded block 1006 from 6
2021-10-12 15:27:37,983;Node_9 -> Downloaded block 1005 from 6
2021-10-12 15:27:37,985;Node_0 -> Downloaded block 1006 from 6
2021-10-12 15:27:37,985;Node_8 -> Downloaded block 1006 from 6
2021-10-12 15:27:37,994;Node_2 -> Downloaded block 1007 from 8
2021-10-12 15:27:37,994;Node_9 -> Downloaded block 1006 from 7
2021-10-12 15:27:37,996;Node_0 -> Downloaded block 1007 from 8
2021-10-12 15:27:37,996;Node_3 -> Downloaded block 1007 from 7
2021-10-12 15:27:37,997;Node_1 -> Downloaded block 1007 from 7
2021-10-12 15:27:37,997;Node_5 -> Downloaded block 1007 from 7
2021-10-12 15:27:37,999;Node_4 -> Downloaded block 1008 from 9
2021-10-12 15:27:37,999;Node_6 -> Downloaded block 1008 from 9
2021-10-12 15:27:38,007;Node_9 -> Downloaded block 1007 from 7
2021-10-12 15:27:38,009;Node_2 -> Downloaded block 1008 from 9
2021-10-12 15:27:38,009;Node_0 -> Downloaded block 1008 from 9
2021-10-12 15:27:38,012;Node_8 -> Downloaded block 1009 from 0
2021-10-12 15:27:38,012;Node_7 -> Downloaded block 1008 from 8
2021-10-12 15:27:38,014;Node_6 -> Downloaded block 1009 from 0
2021-10-12 15:27:38,014;Node_4 -> Downloaded block 1009 from 0
2021-10-12 15:27:38,014;Node_3 -> Downloaded block 1008 from 8
2021-10-12 15:27:38,015;Node_5 -> Downloaded block 1008 from 8
2021-10-12 15:27:38,016;Node_1 -> Downloaded block 1008 from 8
2021-10-12 15:27:38,018;Node_2 -> Downloaded block 1009 from 0
2021-10-12 15:27:38,039;Node_7 -> Downloaded block 1009 from 9
2021-10-12 15:27:38,039;Node_5 -> Downloaded block 1009 from 9
2021-10-12 15:27:38,040;Node_3 -> Downloaded block 1009 from 9
2021-10-12 15:27:38,041;Node_1 -> Downloaded block 1009 from 9
2021-10-12 15:28:38,023;Node_8 -> Done work in all blocks
2021-10-12 15:28:38,023;Node_0 -> Done work in all blocks
2021-10-12 15:28:38,023;Node_4 -> Done work in all blocks
2021-10-12 15:28:38,024;Node_2 -> Done work in all blocks
2021-10-12 15:28:38,024;Node_6 -> Done work in all blocks
2021-10-12 15:28:38,027;Node_0 -> Loaded block 0
2021-10-12 15:28:38,036;Node_8 -> Loaded block 0
2021-10-12 15:28:38,037;Node_4 -> Loaded block 0
2021-10-12 15:28:38,039;Node_6 -> Loaded block 0
2021-10-12 15:28:38,039;Node_9 -> Loaded block 0
2021-10-12 15:28:38,040;Node_0 -> Loaded block 1
2021-10-12 15:28:38,041;Node_2 -> Loaded block 1
2021-10-12 15:28:38,045;Node_2 -> Loaded block 2
2021-10-12 15:28:38,048;Node_8 -> Loaded block 1
2021-10-12 15:28:38,051;Node_6 -> Loaded block 1
2021-10-12 15:28:38,051;Node_4 -> Loaded block 1
2021-10-12 15:28:38,051;Node_0 -> Loaded block 2
2021-10-12 15:28:38,052;Node_9 -> Loaded block 1
2021-10-12 15:28:38,054;Node_1 -> Done work in all blocks
2021-10-12 15:28:38,057;Node_3 -> Done work in all blocks
2021-10-12 15:28:38,058;Node_1 -> Loaded block 0
2021-10-12 15:28:38,056;Node_5 -> Done work in all blocks
2021-10-12 15:28:38,060;Node_7 -> Done work in all blocks
2021-10-12 15:28:38,061;Node_1 -> Loaded block 1
2021-10-12 15:28:38,062;Node_2 -> Loaded block 3
2021-10-12 15:28:38,063;Node_0 -> Loaded block 3
2021-10-12 15:28:38,065;Node_6 -> Loaded block 2
2021-10-12 15:28:38,065;Node_8 -> Loaded block 2
2021-10-12 15:28:38,066;Node_4 -> Loaded block 2
2021-10-12 15:28:38,069;Node_4 -> Loaded block 3
2021-10-12 15:28:38,070;Node_9 -> Loaded block 2
2021-10-12 15:28:38,072;Node_4 -> Loaded block 4
2021-10-12 15:28:38,072;Node_7 -> Loaded block 0
2021-10-12 15:28:38,075;Node_5 -> Loaded block 0
2021-10-12 15:28:38,075;Node_3 -> Loaded block 0
2021-10-12 15:28:38,077;Node_2 -> Loaded block 4
2021-10-12 15:28:38,079;Node_8 -> Loaded block 3
2021-10-12 15:28:38,079;Node_0 -> Loaded block 4
2021-10-12 15:28:38,083;Node_1 -> Loaded block 2
2021-10-12 15:28:38,084;Node_6 -> Loaded block 3
2021-10-12 15:28:38,088;Node_4 -> Loaded block 5
2021-10-12 15:28:38,090;Node_7 -> Loaded block 1
2021-10-12 15:28:38,092;Node_5 -> Loaded block 1
2021-10-12 15:28:38,092;Node_3 -> Loaded block 1
2021-10-12 15:28:38,094;Node_0 -> Loaded block 5
2021-10-12 15:28:38,095;Node_8 -> Loaded block 4
2021-10-12 15:28:38,094;Node_2 -> Loaded block 5
2021-10-12 15:28:38,096;Node_3 -> Loaded block 2
2021-10-12 15:28:38,098;Node_6 -> Loaded block 4
2021-10-12 15:28:38,100;Node_3 -> Loaded block 3
2021-10-12 15:28:38,101;Node_4 -> Loaded block 6
2021-10-12 15:28:38,103;Node_6 -> Loaded block 5
2021-10-12 15:28:38,104;Node_7 -> Loaded block 2
2021-10-12 15:28:38,104;Node_5 -> Loaded block 2
2021-10-12 15:28:38,106;Node_0 -> Loaded block 6
2021-10-12 15:28:38,106;Node_6 -> Loaded block 6
2021-10-12 15:28:38,109;Node_8 -> Loaded block 5
2021-10-12 15:28:38,110;Node_2 -> Loaded block 6
2021-10-12 15:28:38,114;Node_3 -> Loaded block 4
2021-10-12 15:28:38,116;Node_4 -> Loaded block 7
2021-10-12 15:28:38,117;Node_9 -> Loaded block 3
2021-10-12 15:28:38,123;Node_7 -> Loaded block 3
2021-10-12 15:28:38,124;Node_5 -> Loaded block 3
2021-10-12 15:28:38,124;Node_0 -> Loaded block 7
2021-10-12 15:28:38,126;Node_6 -> Loaded block 7
2021-10-12 15:28:38,128;Node_5 -> Loaded block 4
2021-10-12 15:28:38,128;Node_3 -> Loaded block 5
2021-10-12 15:28:38,129;Node_2 -> Loaded block 7
2021-10-12 15:28:38,130;Node_9 -> Loaded block 4
2021-10-12 15:28:38,131;Node_5 -> Loaded block 5
2021-10-12 15:28:38,131;Node_4 -> Loaded block 8
2021-10-12 15:28:38,132;Node_1 -> Loaded block 3
2021-10-12 15:28:38,138;Node_7 -> Loaded block 4
2021-10-12 15:28:38,140;Node_6 -> Loaded block 8
2021-10-12 15:28:38,141;Node_3 -> Loaded block 6
2021-10-12 15:28:38,142;Node_0 -> Loaded block 8
2021-10-12 15:28:38,143;Node_2 -> Loaded block 8
2021-10-12 15:28:38,146;Node_0 -> Loaded block 9
2021-10-12 15:28:38,147;Node_5 -> Loaded block 6
2021-10-12 15:28:38,148;Node_4 -> Loaded block 9
2021-10-12 15:28:38,148;Node_9 -> Loaded block 5
2021-10-12 15:28:38,148;Node_1 -> Loaded block 4
2021-10-12 15:28:38,151;Node_7 -> Loaded block 5
2021-10-12 15:28:38,152;Node_6 -> Loaded block 9
2021-10-12 15:28:38,154;Node_7 -> Loaded block 6
2021-10-12 15:28:38,155;Node_3 -> Loaded block 7
2021-10-12 15:28:38,157;Node_7 -> Loaded block 7
2021-10-12 15:28:38,157;Node_2 -> Loaded block 9
2021-10-12 15:28:38,158;Node_8 -> Loaded block 6
2021-10-12 15:28:38,159;Node_5 -> Loaded block 7
2021-10-12 15:28:38,160;Node_1 -> Loaded block 5
2021-10-12 15:28:38,161;Node_9 -> Loaded block 6
2021-10-12 15:28:38,162;Node_8 -> Loaded block 7
2021-10-12 15:28:38,165;Node_8 -> Loaded block 8
2021-10-12 15:28:38,167;Node_3 -> Loaded block 8
2021-10-12 15:28:38,168;Node_7 -> Loaded block 8
2021-10-12 15:28:38,169;Node_5 -> Loaded block 8
2021-10-12 15:28:38,170;Node_1 -> Loaded block 6
2021-10-12 15:28:38,172;Node_9 -> Loaded block 7
2021-10-12 15:28:38,175;Node_8 -> Loaded block 9
2021-10-12 15:28:38,175;Node_9 -> Loaded block 8
2021-10-12 15:28:38,177;Node_3 -> Loaded block 9
2021-10-12 15:28:38,177;Node_7 -> Loaded block 9
2021-10-12 15:28:38,179;Node_5 -> Loaded block 9
2021-10-12 15:28:38,179;Node_9 -> Loaded block 9
2021-10-12 15:28:38,180;Node_1 -> Loaded block 7
2021-10-12 15:28:38,188;Node_1 -> Loaded block 8
2021-10-12 15:28:38,195;Node_1 -> Loaded block 9
